Received request to add product 19 to cart
Cart retrieved: None
Created new cart item for product 19
Total quantity in cart: 8
Total quantity in cart: 8
Rendering cart HTML update
CartRemoveView: Received a request to remove an item from the cart.
Cart retrieved: Cart tanya | Product Sink | Quantity 2
Removing cart item with ID 359, quantity: 2
Successfully removed cart item with ID None.
Total quantity in cart: 6
Rendering cart HTML update
CartRemoveView: Received a request to remove an item from the cart.
Cart retrieved: None
Cart item with ID 359 not found for removal.
CartRemoveView: Received a request to remove an item from the cart.
Cart retrieved: Cart tanya | Product Mini table for living room or bedroom | Quantity 1
Removing cart item with ID 354, quantity: 1
Successfully removed cart item with ID None.
Total quantity in cart: 5
Rendering cart HTML update
CartChangeView: Received a request to change the cart.
Cart retrieved: None
Cart with ID 354 not found.
CartRemoveView: Received a request to remove an item from the cart.
Cart retrieved: None
Cart item with ID 354 not found for removal.
Received request to add product 45 to cart
Cart retrieved: None
Created new cart item for product 45
Total quantity in cart: 6
Total quantity in cart: 6
Rendering cart HTML update
CartRemoveView: Received a request to remove an item from the cart.
Cart retrieved: Cart tanya | Product Laurel leaves decor | Quantity 1
Removing cart item with ID 362, quantity: 1
Successfully removed cart item with ID None.
Total quantity in cart: 5
Rendering cart HTML update
CartRemoveView: Received a request to remove an item from the cart.
Cart retrieved: Cart tanya | Product 3-piece bathroom set | Quantity 1
Removing cart item with ID 363, quantity: 1
Successfully removed cart item with ID None.
Total quantity in cart: 4
Rendering cart HTML update
CartRemoveView: Received a request to remove an item from the cart.
Cart retrieved: Cart tanya | Product Small bedside table | Quantity 2
Removing cart item with ID 361, quantity: 2
Successfully removed cart item with ID None.
Total quantity in cart: 2
Rendering cart HTML update
CartChangeView: Received a request to change the cart.
Cart retrieved: Cart tanya | Product Candlestick | Quantity 1
Updating cart item with ID 360 to new quantity: 2
Updated cart item with ID 360, new quantity: 2
Total quantity in cart: 3
Rendering cart HTML update
Received request to add product 45 to cart
Cart retrieved: None
Created new cart item for product 45
Total quantity in cart: 4
Total quantity in cart: 4
Rendering cart HTML update
Received request to add product 3 to cart
Cart retrieved: None
Created new cart item for product 3
Total quantity in cart: 5
Total quantity in cart: 5
Rendering cart HTML update
Received request to add product 3 to cart
Cart retrieved: Cart tanya | Product Double bed | Quantity 1
Updated cart item: Cart tanya | Product Double bed | Quantity 2
Total quantity in cart: 6
Total quantity in cart: 6
Rendering cart HTML update
CartRemoveView: Received a request to remove an item from the cart.
Cart retrieved: Cart tanya | Product Candlestick | Quantity 2
Removing cart item with ID 360, quantity: 2
Successfully removed cart item with ID None.
Total quantity in cart: 4
Rendering cart HTML update
CartRemoveView: Received a request to remove an item from the cart.
Cart retrieved: Cart tanya | Product 3-piece bathroom set | Quantity 1
Removing cart item with ID 364, quantity: 1
Successfully removed cart item with ID None.
Total quantity in cart: 3
Rendering cart HTML update
Received request to add product 33 to cart
Cart retrieved: None
Created new cart item for product 33
Total quantity in cart: 4
Total quantity in cart: 4
Rendering cart HTML update
Received request to add product 33 to cart
Cart retrieved: Cart tanya | Product Ceiling lamp | Quantity 1
Updated cart item: Cart tanya | Product Ceiling lamp | Quantity 2
Total quantity in cart: 5
Total quantity in cart: 5
Rendering cart HTML update
Received request to add product 15 to cart
Cart retrieved: None
Created new cart item for product 15
Total quantity in cart: 6
Total quantity in cart: 6
Rendering cart HTML update
Received request to add product 15 to cart
Cart retrieved: Cart tanya | Product Old classic | Quantity 1
Updated cart item: Cart tanya | Product Old classic | Quantity 2
Total quantity in cart: 7
Total quantity in cart: 7
Rendering cart HTML update
Received request to add product 45 to cart
Cart retrieved: None
Created new cart item for product 45
Total quantity in cart: 8
Total quantity in cart: 8
Rendering cart HTML update
Received request to add product 45 to cart
Cart retrieved: Cart tanya | Product 3-piece bathroom set | Quantity 1
Updated cart item: Cart tanya | Product 3-piece bathroom set | Quantity 2
Total quantity in cart: 9
Total quantity in cart: 9
Rendering cart HTML update
Received request to add product 45 to cart
Cart retrieved: Cart tanya | Product 3-piece bathroom set | Quantity 2
Updated cart item: Cart tanya | Product 3-piece bathroom set | Quantity 3
Total quantity in cart: 10
Total quantity in cart: 10
Rendering cart HTML update
Received request to add product 20 to cart
Cart retrieved: None
Created new cart item for product 20
Total quantity in cart: 11
Total quantity in cart: 11
Rendering cart HTML update
CartRemoveView: Received a request to remove an item from the cart.
Cart retrieved: Cart tanya | Product Office chair | Quantity 1
Removing cart item with ID 358, quantity: 1
Successfully removed cart item with ID None.
Total quantity in cart: 10
Rendering cart HTML update
CartRemoveView: Received a request to remove an item from the cart.
Cart retrieved: None
Cart item with ID 358 not found for removal.
CartRemoveView: Received a request to remove an item from the cart.
Cart retrieved: None
Cart item with ID 358 not found for removal.
CartRemoveView: Received a request to remove an item from the cart.
Cart retrieved: Cart tanya | Product Double bed | Quantity 2
Removing cart item with ID 365, quantity: 2
Successfully removed cart item with ID None.
Total quantity in cart: 8
Rendering cart HTML update
CartRemoveView: Received a request to remove an item from the cart.
Cart retrieved: None
Cart item with ID 365 not found for removal.
CartRemoveView: Received a request to remove an item from the cart.
Cart retrieved: None
Cart item with ID 365 not found for removal.
CartRemoveView: Received a request to remove an item from the cart.
Cart retrieved: Cart tanya | Product Ceiling lamp | Quantity 2
Removing cart item with ID 366, quantity: 2
Successfully removed cart item with ID None.
Total quantity in cart: 6
Rendering cart HTML update
CartRemoveView: Received a request to remove an item from the cart.
Cart retrieved: None
Cart item with ID 366 not found for removal.
Received request to add product 18 to cart
Received request to add product 18 to cart
Cart retrieved: None
Cart retrieved: None
Created new cart item for product 18
Created new cart item for product 18
Total quantity in cart: 8
Total quantity in cart: 8
Total quantity in cart: 8
Rendering cart HTML update
Total quantity in cart: 8
Rendering cart HTML update
Received request to add product 18 to cart
Received request to add product 18 to cart
Cart retrieved: Cart tanya | Product Midi table | Quantity 1
Cart retrieved: Cart tanya | Product Midi table | Quantity 1
Updated cart item: Cart tanya | Product Midi table | Quantity 2
Updated cart item: Cart tanya | Product Midi table | Quantity 2
Total quantity in cart: 9
Total quantity in cart: 9
Total quantity in cart: 9
Rendering cart HTML update
Total quantity in cart: 9
Rendering cart HTML update
CartRemoveView: Received a request to remove an item from the cart.
Cart retrieved: Cart tanya | Product Old classic | Quantity 2
Removing cart item with ID 367, quantity: 2
Successfully removed cart item with ID None.
Total quantity in cart: 7
Rendering cart HTML update
CartRemoveView: Received a request to remove an item from the cart.
Cart retrieved: None
Cart item with ID 367 not found for removal.
Received request to add product 5 to cart
Received request to add product 5 to cart
Cart retrieved: None
Created new cart item for product 5
Total quantity in cart: 8
Total quantity in cart: 8
Rendering cart HTML update
Cart retrieved: Cart tanya | Product Kitchen table with sink | Quantity 1
Updated cart item: Cart tanya | Product Kitchen table with sink | Quantity 2
Total quantity in cart: 9
Total quantity in cart: 9
Rendering cart HTML update
Received request to add product 5 to cart
Received request to add product 5 to cart
Cart retrieved: Cart tanya | Product Kitchen table with sink | Quantity 2
Updated cart item: Cart tanya | Product Kitchen table with sink | Quantity 3
Cart retrieved: Cart tanya | Product Kitchen table with sink | Quantity 2
Total quantity in cart: 10
Updated cart item: Cart tanya | Product Kitchen table with sink | Quantity 3
Total quantity in cart: 10
Rendering cart HTML update
Total quantity in cart: 10
Total quantity in cart: 10
Rendering cart HTML update
Received request to add product 3 to cart
Cart retrieved: None
Created new cart item for product 3
Total quantity in cart: 11
Total quantity in cart: 11
Rendering cart HTML update
Received request to add product 3 to cart
Cart retrieved: Cart tanya | Product Double bed | Quantity 1
Updated cart item: Cart tanya | Product Double bed | Quantity 2
Total quantity in cart: 12
Total quantity in cart: 12
Rendering cart HTML update
Received request to add product 46 to cart
Cart retrieved: None
Created new cart item for product 46
Total quantity in cart: 13
Total quantity in cart: 13
Rendering cart HTML update
Received request to add product 46 to cart
Cart retrieved: Cart tanya | Product Kitchen furniture set in black | Quantity 1
Updated cart item: Cart tanya | Product Kitchen furniture set in black | Quantity 2
Total quantity in cart: 14
Total quantity in cart: 14
Rendering cart HTML update
Received request to add product 46 to cart
Cart retrieved: Cart tanya | Product Kitchen furniture set in black | Quantity 2
Updated cart item: Cart tanya | Product Kitchen furniture set in black | Quantity 3
Total quantity in cart: 15
Total quantity in cart: 15
Rendering cart HTML update
CartRemoveView: Received a request to remove an item from the cart.
Cart retrieved: Cart tanya | Product Small classic sofa | Quantity 1
Removing cart item with ID 369, quantity: 1
Successfully removed cart item with ID None.
Total quantity in cart: 14
Rendering cart HTML update
CartRemoveView: Received a request to remove an item from the cart.
Cart retrieved: Cart tanya | Product 3-piece bathroom set | Quantity 3
Removing cart item with ID 368, quantity: 3
Successfully removed cart item with ID None.
Total quantity in cart: 11
Rendering cart HTML update
CartRemoveView: Received a request to remove an item from the cart.
Cart retrieved: Cart tanya | Product Midi table | Quantity 1
Removing cart item with ID 371, quantity: 1
Successfully removed cart item with ID None.
Total quantity in cart: 10
Rendering cart HTML update
CartRemoveView: Received a request to remove an item from the cart.
Cart retrieved: Cart tanya | Product Midi table | Quantity 2
Removing cart item with ID 370, quantity: 2
Successfully removed cart item with ID None.
Total quantity in cart: 8
Rendering cart HTML update
Received request to add product 16 to cart
Cart retrieved: None
Created new cart item for product 16
Total quantity in cart: 9
Total quantity in cart: 9
Rendering cart HTML update
Received request to add product 16 to cart
Cart retrieved: Cart tanya | Product Large corner sofa | Quantity 1
Updated cart item: Cart tanya | Product Large corner sofa | Quantity 2
Total quantity in cart: 10
Total quantity in cart: 10
Rendering cart HTML update
CartRemoveView: Received a request to remove an item from the cart.
Cart retrieved: Cart tanya | Product Kitchen table with sink | Quantity 3
Removing cart item with ID 372, quantity: 3
Successfully removed cart item with ID None.
Total quantity in cart: 7
Rendering cart HTML update
CartRemoveView: Received a request to remove an item from the cart.
Cart retrieved: Cart tanya | Product Kitchen furniture set in black | Quantity 3
Removing cart item with ID 374, quantity: 3
Successfully removed cart item with ID None.
Total quantity in cart: 4
Rendering cart HTML update
Received request to add product 33 to cart
Received request to add product 33 to cart
Cart retrieved: None
Created new cart item for product 33
Total quantity in cart: 5
Total quantity in cart: 5
Rendering cart HTML update
Cart retrieved: Cart tanya | Product Ceiling lamp | Quantity 1
Updated cart item: Cart tanya | Product Ceiling lamp | Quantity 2
Total quantity in cart: 6
Total quantity in cart: 6
Rendering cart HTML update
Received request to add product 33 to cart
Received request to add product 33 to cart
Cart retrieved: Cart tanya | Product Ceiling lamp | Quantity 2
Cart retrieved: Cart tanya | Product Ceiling lamp | Quantity 2
Updated cart item: Cart tanya | Product Ceiling lamp | Quantity 3
Updated cart item: Cart tanya | Product Ceiling lamp | Quantity 3
Total quantity in cart: 7
Total quantity in cart: 7
Total quantity in cart: 7
Rendering cart HTML update
Total quantity in cart: 7
Rendering cart HTML update
Received request to add product 44 to cart
Received request to add product 44 to cart
Cart retrieved: None
Created new cart item for product 44
Total quantity in cart: 8
Cart retrieved: Cart tanya | Product Nightstand with sink and mirror shelf set | Quantity 1
Total quantity in cart: 8
Rendering cart HTML update
Updated cart item: Cart tanya | Product Nightstand with sink and mirror shelf set | Quantity 2
Total quantity in cart: 9
Total quantity in cart: 9
Rendering cart HTML update
Received request to add product 24 to cart
Cart retrieved: None
Created new cart item for product 24
Total quantity in cart: 10
Total quantity in cart: 10
Rendering cart HTML update
Received request to add product 24 to cart
Cart retrieved: Cart tanya | Product Unusual office chair | Quantity 1
Updated cart item: Cart tanya | Product Unusual office chair | Quantity 2
Total quantity in cart: 11
Total quantity in cart: 11
Rendering cart HTML update
Received request to add product 14 to cart
Cart retrieved: None
Created new cart item for product 14
Total quantity in cart: 12
Total quantity in cart: 12
Rendering cart HTML update
Received request to add product 14 to cart
Cart retrieved: Cart tanya | Product Decorated kitchen chair | Quantity 1
Updated cart item: Cart tanya | Product Decorated kitchen chair | Quantity 2
Total quantity in cart: 13
Total quantity in cart: 13
Rendering cart HTML update
CartRemoveView: Received a request to remove an item from the cart.
Cart retrieved: Cart tanya | Product Double bed | Quantity 2
Removing cart item with ID 373, quantity: 2
Successfully removed cart item with ID None.
Total quantity in cart: 11
Rendering cart HTML update
CartRemoveView: Received a request to remove an item from the cart.
Cart retrieved: Cart tanya | Product Large corner sofa | Quantity 2
Removing cart item with ID 375, quantity: 2
Successfully removed cart item with ID None.
Total quantity in cart: 9
Rendering cart HTML update
CartRemoveView: Received a request to remove an item from the cart.
Cart retrieved: Cart tanya | Product Nightstand with sink and mirror shelf set | Quantity 2
Removing cart item with ID 377, quantity: 2
Successfully removed cart item with ID None.
Total quantity in cart: 7
Rendering cart HTML update
CartRemoveView: Received a request to remove an item from the cart.
Cart retrieved: Cart tanya | Product Decorated kitchen chair | Quantity 2
Removing cart item with ID 379, quantity: 2
Successfully removed cart item with ID None.
Total quantity in cart: 5
Rendering cart HTML update
CartRemoveView: Received a request to remove an item from the cart.
Cart retrieved: Cart tanya | Product Unusual office chair | Quantity 2
Removing cart item with ID 378, quantity: 2
Successfully removed cart item with ID None.
Total quantity in cart: 3
Rendering cart HTML update
Received request to add product 33 to cart
Received request to add product 33 to cart
Cart retrieved: Cart tanya | Product Ceiling lamp | Quantity 3
Updated cart item: Cart tanya | Product Ceiling lamp | Quantity 4
Cart retrieved: Cart tanya | Product Ceiling lamp | Quantity 3
Total quantity in cart: 4
Updated cart item: Cart tanya | Product Ceiling lamp | Quantity 4
Total quantity in cart: 4
Rendering cart HTML update
Total quantity in cart: 4
Total quantity in cart: 4
Rendering cart HTML update
Received request to add product 4 to cart
Received request to add product 4 to cart
Cart retrieved: None
Cart retrieved: None
Created new cart item for product 4
Created new cart item for product 4
Total quantity in cart: 6
Total quantity in cart: 6
Total quantity in cart: 6
Rendering cart HTML update
Total quantity in cart: 6
Rendering cart HTML update
Received request to add product 4 to cart
Received request to add product 4 to cart
Cart retrieved: Cart tanya | Product Kitchen table with chairs | Quantity 1
Updated cart item: Cart tanya | Product Kitchen table with chairs | Quantity 2
Cart retrieved: Cart tanya | Product Kitchen table with chairs | Quantity 1
Total quantity in cart: 7
Updated cart item: Cart tanya | Product Kitchen table with chairs | Quantity 2
Total quantity in cart: 7
Total quantity in cart: 7
Rendering cart HTML update
Total quantity in cart: 7
Rendering cart HTML update
Received request to add product 8 to cart
Received request to add product 8 to cart
Cart retrieved: None
Cart retrieved: None
Created new cart item for product 8
Created new cart item for product 8
Total quantity in cart: 9
Total quantity in cart: 9
Total quantity in cart: 9
Rendering cart HTML update
Total quantity in cart: 9
Rendering cart HTML update
Received request to add product 8 to cart
Received request to add product 8 to cart
Cart retrieved: Cart tanya | Product Corner sofa small | Quantity 1
Updated cart item: Cart tanya | Product Corner sofa small | Quantity 2
Total quantity in cart: 10
Total quantity in cart: 10
Rendering cart HTML update
Cart retrieved: Cart tanya | Product Corner sofa small | Quantity 2
Updated cart item: Cart tanya | Product Corner sofa small | Quantity 3
Total quantity in cart: 11
Total quantity in cart: 11
Rendering cart HTML update
CartRemoveView: Received a request to remove an item from the cart.
Cart retrieved: Cart tanya | Product Ceiling lamp | Quantity 4
Removing cart item with ID 376, quantity: 4
Successfully removed cart item with ID None.
Total quantity in cart: 7
Rendering cart HTML update
CartRemoveView: Received a request to remove an item from the cart.
Cart retrieved: Cart tanya | Product Corner sofa small | Quantity 3
Removing cart item with ID 382, quantity: 3
Successfully removed cart item with ID None.
Total quantity in cart: 4
Rendering cart HTML update
CartRemoveView: Received a request to remove an item from the cart.
Cart retrieved: Cart tanya | Product Kitchen table with chairs | Quantity 2
Removing cart item with ID 380, quantity: 2
Successfully removed cart item with ID None.
Total quantity in cart: 2
Rendering cart HTML update
CartRemoveView: Received a request to remove an item from the cart.
Cart retrieved: Cart tanya | Product Kitchen table with chairs | Quantity 1
Removing cart item with ID 381, quantity: 1
Successfully removed cart item with ID None.
Total quantity in cart: 1
Rendering cart HTML update
Received request to add product 28 to cart
Received request to add product 28 to cart
Cart retrieved: None
Created new cart item for product 28
Total quantity in cart: 2
Cart retrieved: Cart tanya | Product Candles with candlestick | Quantity 1
Total quantity in cart: 2
Rendering cart HTML update
Updated cart item: Cart tanya | Product Candles with candlestick | Quantity 2
Total quantity in cart: 3
Total quantity in cart: 3
Rendering cart HTML update
Received request to add product 1 to cart
Received request to add product 1 to cart
Cart retrieved: None
Cart retrieved: None
Created new cart item for product 1
Created new cart item for product 1
Total quantity in cart: 5
Total quantity in cart: 5
Total quantity in cart: 5
Rendering cart HTML update
Total quantity in cart: 5
Rendering cart HTML update
CartRemoveView: Received a request to remove an item from the cart.
Cart retrieved: Cart tanya | Product Candles with candlestick | Quantity 2
Removing cart item with ID 384, quantity: 2
Successfully removed cart item with ID None.
Total quantity in cart: 3
Rendering cart HTML update
Received request to add product 32 to cart
Received request to add product 32 to cart
Cart retrieved: None
Cart retrieved: None
Created new cart item for product 32
Created new cart item for product 32
Total quantity in cart: 5
Total quantity in cart: 5
Total quantity in cart: 5
Rendering cart HTML update
Total quantity in cart: 5
Rendering cart HTML update
CartRemoveView: Received a request to remove an item from the cart.
Cart retrieved: Cart tanya | Product Candlestick | Quantity 1
Removing cart item with ID 387, quantity: 1
Successfully removed cart item with ID None.
Total quantity in cart: 4
Rendering cart HTML update
CartRemoveView: Received a request to remove an item from the cart.
Cart retrieved: Cart tanya | Product Candlestick | Quantity 1
Removing cart item with ID 388, quantity: 1
Successfully removed cart item with ID None.
Total quantity in cart: 3
Rendering cart HTML update
Received request to add product 43 to cart
Received request to add product 43 to cart
Cart retrieved: None
Created new cart item for product 43
Total quantity in cart: 4
Total quantity in cart: 4
Rendering cart HTML update
Cart retrieved: Cart tanya | Product Bathroom mirror | Quantity 1
Updated cart item: Cart tanya | Product Bathroom mirror | Quantity 2
Total quantity in cart: 5
Total quantity in cart: 5
Rendering cart HTML update
CartRemoveView: Received a request to remove an item from the cart.
Cart retrieved: Cart tanya | Product Kitchen table | Quantity 1
Removing cart item with ID 386, quantity: 1
Successfully removed cart item with ID None.
Total quantity in cart: 4
Rendering cart HTML update
Received request to add product 12 to cart
Received request to add product 12 to cart
Cart retrieved: None
Created new cart item for product 12
Total quantity in cart: 5
Total quantity in cart: 5
Rendering cart HTML update
Cart retrieved: Cart tanya | Product Small table with drawers | Quantity 1
Updated cart item: Cart tanya | Product Small table with drawers | Quantity 2
Total quantity in cart: 6
Total quantity in cart: 6
Rendering cart HTML update
CartRemoveView: Received a request to remove an item from the cart.
Cart retrieved: Cart tanya | Product Kitchen table | Quantity 1
Removing cart item with ID 385, quantity: 1
Successfully removed cart item with ID None.
Total quantity in cart: 5
Rendering cart HTML update
CartRemoveView: Received a request to remove an item from the cart.
Cart retrieved: Cart tanya | Product Corner sofa small | Quantity 1
Removing cart item with ID 383, quantity: 1
Successfully removed cart item with ID None.
Total quantity in cart: 4
Rendering cart HTML update
CartRemoveView: Received a request to remove an item from the cart.
Cart retrieved: Cart tanya | Product Bathroom mirror | Quantity 2
Removing cart item with ID 389, quantity: 2
Successfully removed cart item with ID None.
Total quantity in cart: 2
Rendering cart HTML update
CartRemoveView: Received a request to remove an item from the cart.
Cart retrieved: Cart tanya | Product Small table with drawers | Quantity 2
Removing cart item with ID 390, quantity: 2
Successfully removed cart item with ID None.
Total quantity in cart: 0
Rendering cart HTML update
Received request to add product 18 to cart
Received request to add product 18 to cart
Cart retrieved: None
Cart retrieved: None
Created new cart item for product 18
Created new cart item for product 18
Total quantity in cart: 2
Total quantity in cart: 2
Total quantity in cart: 2
Total quantity in cart: 2
Rendering cart HTML update
Rendering cart HTML update
Received request to add product 2 to cart
Received request to add product 2 to cart
Cart retrieved: None
Cart retrieved: None
Created new cart item for product 2
Created new cart item for product 2
Total quantity in cart: 4
Total quantity in cart: 4
Total quantity in cart: 4
Total quantity in cart: 4
Rendering cart HTML update
Rendering cart HTML update
CartRemoveView: Received a request to remove an item from the cart.
Cart retrieved: Cart tanya | Product Midi table | Quantity 1
Removing cart item with ID 391, quantity: 1
Successfully removed cart item with ID None.
Total quantity in cart: 3
Rendering cart HTML update
CartRemoveView: Received a request to remove an item from the cart.
Cart retrieved: Cart tanya | Product Mini table for living room or bedroom | Quantity 1
Removing cart item with ID 393, quantity: 1
Successfully removed cart item with ID None.
Total quantity in cart: 2
Rendering cart HTML update
CartRemoveView: Received a request to remove an item from the cart.
Cart retrieved: Cart tanya | Product Mini table for living room or bedroom | Quantity 1
Removing cart item with ID 394, quantity: 1
Successfully removed cart item with ID None.
Total quantity in cart: 1
Rendering cart HTML update
Received request to add product 7 to cart
Received request to add product 7 to cart
Cart retrieved: None
Created new cart item for product 7
Total quantity in cart: 2
Cart retrieved: Cart tanya | Product Bedside table | Quantity 1
Total quantity in cart: 2
Rendering cart HTML update
Updated cart item: Cart tanya | Product Bedside table | Quantity 2
Total quantity in cart: 3
Total quantity in cart: 3
Rendering cart HTML update
CartRemoveView: Received a request to remove an item from the cart.
Cart retrieved: Cart tanya | Product Bedside table | Quantity 2
Removing cart item with ID 395, quantity: 2
Successfully removed cart item with ID None.
Total quantity in cart: 1
Rendering cart HTML update
Received request to add product 15 to cart
Received request to add product 15 to cart
Cart retrieved: None
Created new cart item for product 15
Total quantity in cart: 2
Cart retrieved: Cart tanya | Product Old classic | Quantity 1
Total quantity in cart: 2
Rendering cart HTML update
Updated cart item: Cart tanya | Product Old classic | Quantity 2
Total quantity in cart: 3
Total quantity in cart: 3
Rendering cart HTML update
CartRemoveView: Received a request to remove an item from the cart.
Cart retrieved: Cart tanya | Product Midi table | Quantity 1
Removing cart item with ID 392, quantity: 1
Successfully removed cart item with ID None.
Total quantity in cart: 2
Rendering cart HTML update
CartRemoveView: Received a request to remove an item from the cart.
Cart retrieved: Cart tanya | Product Old classic | Quantity 2
Removing cart item with ID 396, quantity: 2
Successfully removed cart item with ID None.
Total quantity in cart: 0
Rendering cart HTML update
Received request to add product 44 to cart
Received request to add product 44 to cart
Cart retrieved: None
Cart retrieved: None
Created new cart item for product 44
Created new cart item for product 44
Total quantity in cart: 2
Total quantity in cart: 2
Total quantity in cart: 2
Total quantity in cart: 2
Rendering cart HTML update
Rendering cart HTML update
CartRemoveView: Received a request to remove an item from the cart.
Cart retrieved: Cart tanya | Product Nightstand with sink and mirror shelf set | Quantity 1
Removing cart item with ID 398, quantity: 1
Successfully removed cart item with ID None.
Total quantity in cart: 1
Rendering cart HTML update
Received request to add product 24 to cart
Received request to add product 24 to cart
Cart retrieved: None
Created new cart item for product 24
Total quantity in cart: 2
Total quantity in cart: 2
Rendering cart HTML update
Cart retrieved: Cart tanya | Product Unusual office chair | Quantity 1
Updated cart item: Cart tanya | Product Unusual office chair | Quantity 2
Total quantity in cart: 3
Total quantity in cart: 3
Rendering cart HTML update
CartRemoveView: Received a request to remove an item from the cart.
Cart retrieved: Cart tanya | Product Unusual office chair | Quantity 2
Removing cart item with ID 399, quantity: 2
Successfully removed cart item with ID None.
Total quantity in cart: 1
Rendering cart HTML update
CartRemoveView: Received a request to remove an item from the cart.
Cart retrieved: Cart tanya | Product Nightstand with sink and mirror shelf set | Quantity 1
Removing cart item with ID 397, quantity: 1
Successfully removed cart item with ID None.
Total quantity in cart: 0
Rendering cart HTML update
Received request to add product 3 to cart
Received request to add product 3 to cart
Cart retrieved: None
Created new cart item for product 3
Total quantity in cart: 1
Cart retrieved: Cart tanya | Product Double bed | Quantity 1
Total quantity in cart: 1
Rendering cart HTML update
Updated cart item: Cart tanya | Product Double bed | Quantity 2
Total quantity in cart: 2
Total quantity in cart: 2
Rendering cart HTML update
Received request to add product 3 to cart
Received request to add product 3 to cart
Cart retrieved: Cart tanya | Product Double bed | Quantity 2
Cart retrieved: Cart tanya | Product Double bed | Quantity 2
Updated cart item: Cart tanya | Product Double bed | Quantity 3
Updated cart item: Cart tanya | Product Double bed | Quantity 3
Total quantity in cart: 3
Total quantity in cart: 3
Total quantity in cart: 3
Total quantity in cart: 3
Rendering cart HTML update
Rendering cart HTML update
CartRemoveView: Received a request to remove an item from the cart.
Cart retrieved: Cart tanya | Product Double bed | Quantity 3
Removing cart item with ID 400, quantity: 3
Successfully removed cart item with ID None.
Total quantity in cart: 0
Rendering cart HTML update
Received request to add product 28 to cart
Received request to add product 28 to cart
Cart retrieved: None
Cart retrieved: None
Created new cart item for product 28
Created new cart item for product 28
Total quantity in cart: 2
Total quantity in cart: 2
Total quantity in cart: 2
Total quantity in cart: 2
Rendering cart HTML update
Rendering cart HTML update
Received request to add product 32 to cart
Received request to add product 32 to cart
Cart retrieved: None
Created new cart item for product 32
Total quantity in cart: 3
Total quantity in cart: 3
Rendering cart HTML update
Cart retrieved: Cart tanya | Product Candlestick | Quantity 1
Updated cart item: Cart tanya | Product Candlestick | Quantity 2
Total quantity in cart: 4
Total quantity in cart: 4
Rendering cart HTML update
CartRemoveView: Received a request to remove an item from the cart.
Cart retrieved: Cart tanya | Product Candles with candlestick | Quantity 1
Removing cart item with ID 402, quantity: 1
Successfully removed cart item with ID None.
Total quantity in cart: 3
Rendering cart HTML update
CartRemoveView: Received a request to remove an item from the cart.
Cart retrieved: Cart tanya | Product Candlestick | Quantity 2
Removing cart item with ID 403, quantity: 2
Successfully removed cart item with ID None.
Total quantity in cart: 1
Rendering cart HTML update
Received request to add product 31 to cart
Received request to add product 31 to cart
Cart retrieved: None
Created new cart item for product 31
Total quantity in cart: 2
Cart retrieved: Cart tanya | Product Retro lamp | Quantity 1
Total quantity in cart: 2
Rendering cart HTML update
Updated cart item: Cart tanya | Product Retro lamp | Quantity 2
Total quantity in cart: 3
Total quantity in cart: 3
Rendering cart HTML update
CartRemoveView: Received a request to remove an item from the cart.
Cart retrieved: Cart tanya | Product Retro lamp | Quantity 2
Removing cart item with ID 404, quantity: 2
Successfully removed cart item with ID None.
Total quantity in cart: 1
Rendering cart HTML update
Received request to add product 10 to cart
Received request to add product 10 to cart
Cart retrieved: None
Cart retrieved: None
Created new cart item for product 10
Created new cart item for product 10
Total quantity in cart: 3
Total quantity in cart: 3
Total quantity in cart: 3
Rendering cart HTML update
Total quantity in cart: 3
Rendering cart HTML update
CartRemoveView: Received a request to remove an item from the cart.
Cart retrieved: Cart tanya | Product Plant | Quantity 1
Removing cart item with ID 406, quantity: 1
Successfully removed cart item with ID None.
Total quantity in cart: 2
Rendering cart HTML update
Received request to add product 14 to cart
Received request to add product 14 to cart
Cart retrieved: None
Created new cart item for product 14
Total quantity in cart: 3
Cart retrieved: Cart tanya | Product Decorated kitchen chair | Quantity 1
Total quantity in cart: 3
Rendering cart HTML update
Updated cart item: Cart tanya | Product Decorated kitchen chair | Quantity 2
Total quantity in cart: 4
Total quantity in cart: 4
Rendering cart HTML update
Received request to add product 14 to cart
Cart retrieved: Cart tanya | Product Decorated kitchen chair | Quantity 2
Updated cart item: Cart tanya | Product Decorated kitchen chair | Quantity 3
Total quantity in cart: 5
Total quantity in cart: 5
Rendering cart HTML update
Received request to add product 14 to cart
Cart retrieved: Cart tanya | Product Decorated kitchen chair | Quantity 3
Updated cart item: Cart tanya | Product Decorated kitchen chair | Quantity 4
Total quantity in cart: 6
Total quantity in cart: 6
Rendering cart HTML update
CartRemoveView: Received a request to remove an item from the cart.
Cart retrieved: Cart tanya | Product Decorated kitchen chair | Quantity 4
Removing cart item with ID 407, quantity: 4
Successfully removed cart item with ID None.
Total quantity in cart: 2
Rendering cart HTML update
Received request to add product 19 to cart
Received request to add product 19 to cart
Cart retrieved: None
Created new cart item for product 19
Total quantity in cart: 3
Cart retrieved: Cart tanya | Product Laurel leaves decor | Quantity 1
Total quantity in cart: 3
Rendering cart HTML update
Updated cart item: Cart tanya | Product Laurel leaves decor | Quantity 2
Total quantity in cart: 4
Total quantity in cart: 4
Rendering cart HTML update
Received request to add product 19 to cart
Cart retrieved: Cart tanya | Product Laurel leaves decor | Quantity 2
Updated cart item: Cart tanya | Product Laurel leaves decor | Quantity 3
Total quantity in cart: 5
Total quantity in cart: 5
Rendering cart HTML update
CartRemoveView: Received a request to remove an item from the cart.
Cart retrieved: Cart tanya | Product Laurel leaves decor | Quantity 3
Removing cart item with ID 408, quantity: 3
Successfully removed cart item with ID None.
Total quantity in cart: 2
Rendering cart HTML update
Received request to add product 2 to cart
Received request to add product 2 to cart
Cart retrieved: None
Created new cart item for product 2
Total quantity in cart: 3
Total quantity in cart: 3
Rendering cart HTML update
Cart retrieved: Cart tanya | Product Mini table for living room or bedroom | Quantity 1
Updated cart item: Cart tanya | Product Mini table for living room or bedroom | Quantity 2
Total quantity in cart: 4
Total quantity in cart: 4
Rendering cart HTML update
Received request to add product 15 to cart
Received request to add product 15 to cart
Cart retrieved: None
Created new cart item for product 15
Total quantity in cart: 5
Total quantity in cart: 5
Cart retrieved: Cart tanya | Product Old classic | Quantity 1
Rendering cart HTML update
Updated cart item: Cart tanya | Product Old classic | Quantity 2
Total quantity in cart: 6
Total quantity in cart: 6
Rendering cart HTML update
CartRemoveView: Received a request to remove an item from the cart.
Cart retrieved: Cart tanya | Product Mini table for living room or bedroom | Quantity 2
Removing cart item with ID 409, quantity: 2
Successfully removed cart item with ID None.
Total quantity in cart: 4
Rendering cart HTML update
CartRemoveView: Received a request to remove an item from the cart.
Cart retrieved: Cart tanya | Product Old classic | Quantity 2
Removing cart item with ID 410, quantity: 2
Successfully removed cart item with ID None.
Total quantity in cart: 2
Rendering cart HTML update
Received request to add product 32 to cart
Received request to add product 32 to cart
Cart retrieved: None
Cart retrieved: None
Created new cart item for product 32
Created new cart item for product 32
Total quantity in cart: 4
Total quantity in cart: 4
Total quantity in cart: 4
Rendering cart HTML update
Total quantity in cart: 4
Rendering cart HTML update
Received request to add product 80 to cart
Received request to add product 80 to cart
Cart retrieved: None
Created new cart item for product 80
Total quantity in cart: 5
Cart retrieved: Cart tanya | Product Clocks for decoration | Quantity 1
Total quantity in cart: 5
Rendering cart HTML update
Updated cart item: Cart tanya | Product Clocks for decoration | Quantity 2
Total quantity in cart: 6
Total quantity in cart: 6
Rendering cart HTML update
CartRemoveView: Received a request to remove an item from the cart.
Cart retrieved: Cart tanya | Product Plant | Quantity 1
Removing cart item with ID 405, quantity: 1
Successfully removed cart item with ID None.
Total quantity in cart: 5
Rendering cart HTML update
CartRemoveView: Received a request to remove an item from the cart.
Cart retrieved: Cart tanya | Product Candlestick | Quantity 1
Removing cart item with ID 411, quantity: 1
Successfully removed cart item with ID None.
Total quantity in cart: 4
Rendering cart HTML update
Received request to add product 15 to cart
Received request to add product 15 to cart
Cart retrieved: None
Cart retrieved: None
Created new cart item for product 15
Created new cart item for product 15
Total quantity in cart: 6
Total quantity in cart: 6
Total quantity in cart: 6
Rendering cart HTML update
Total quantity in cart: 6
Rendering cart HTML update
Received request to add product 12 to cart
Received request to add product 12 to cart
Cart retrieved: None
Created new cart item for product 12
Total quantity in cart: 1
Cart retrieved: Cart root | Product Small table with drawers | Quantity 1
Total quantity in cart: 1
Rendering cart HTML update
Updated cart item: Cart root | Product Small table with drawers | Quantity 2
Total quantity in cart: 2
Total quantity in cart: 2
Rendering cart HTML update
CartRemoveView: Received a request to remove an item from the cart.
Cart retrieved: Cart root | Product Small table with drawers | Quantity 2
Removing cart item with ID 416, quantity: 2
Successfully removed cart item with ID None.
Total quantity in cart: 0
Rendering cart HTML update
Received request to add product 12 to cart
Received request to add product 12 to cart
Cart retrieved: None
Cart retrieved: None
Created new cart item for product 12
Created new cart item for product 12
Total quantity in cart: 2
Total quantity in cart: 2
Total quantity in cart: 2
Total quantity in cart: 2
Rendering cart HTML update
Rendering cart HTML update
Received request to add product 3 to cart
Received request to add product 3 to cart
Cart retrieved: None
Cart retrieved: None
Created new cart item for product 3
Created new cart item for product 3
Total quantity in cart: 4
Total quantity in cart: 4
Total quantity in cart: 4
Total quantity in cart: 4
Rendering cart HTML update
Rendering cart HTML update
CartRemoveView: Received a request to remove an item from the cart.
Cart retrieved: Cart root | Product Small table with drawers | Quantity 1
Removing cart item with ID 418, quantity: 1
Successfully removed cart item with ID None.
Total quantity in cart: 3
Rendering cart HTML update
CartRemoveView: Received a request to remove an item from the cart.
Cart retrieved: Cart root | Product Double bed | Quantity 1
Removing cart item with ID 419, quantity: 1
Successfully removed cart item with ID None.
Total quantity in cart: 2
Rendering cart HTML update
CartRemoveView: Received a request to remove an item from the cart.
Cart retrieved: Cart root | Product Double bed | Quantity 1
Removing cart item with ID 420, quantity: 1
Successfully removed cart item with ID None.
Total quantity in cart: 1
Rendering cart HTML update
Received request to add product 3 to cart
Cart retrieved: None
Created new cart item for product 3
Total quantity in cart: 2
Total quantity in cart: 2
Rendering cart HTML update
Received request to add product 7 to cart
Cart retrieved: None
Created new cart item for product 7
Total quantity in cart: 3
Total quantity in cart: 3
Rendering cart HTML update
Received request to add product 12 to cart
Cart retrieved: Cart root | Product Small table with drawers | Quantity 1
Updated cart item: Cart root | Product Small table with drawers | Quantity 2
Total quantity in cart: 4
Total quantity in cart: 4
Rendering cart HTML update
Received request to add product 15 to cart
Received request to add product 15 to cart
Cart retrieved: None
Created new cart item for product 15
Total quantity in cart: 5
Total quantity in cart: 5
Rendering cart HTML update
Cart retrieved: Cart root | Product Old classic | Quantity 1
Updated cart item: Cart root | Product Old classic | Quantity 2
Total quantity in cart: 6
Total quantity in cart: 6
Rendering cart HTML update
CartRemoveView: Received a request to remove an item from the cart.
Cart retrieved: Cart root | Product Double bed | Quantity 1
Removing cart item with ID 421, quantity: 1
Successfully removed cart item with ID None.
Total quantity in cart: 5
Rendering cart HTML update
CartRemoveView: Received a request to remove an item from the cart.
Cart retrieved: Cart root | Product Old classic | Quantity 2
Removing cart item with ID 423, quantity: 2
Successfully removed cart item with ID None.
Total quantity in cart: 3
Rendering cart HTML update
Received request to add product 31 to cart
Received request to add product 31 to cart
Cart retrieved: None
Cart retrieved: None
Created new cart item for product 31
Created new cart item for product 31
Total quantity in cart: 5
Total quantity in cart: 5
Total quantity in cart: 5
Rendering cart HTML update
Total quantity in cart: 5
Rendering cart HTML update
Received request to add product 31 to cart
Received request to add product 31 to cart
Cart retrieved: Cart root | Product Retro lamp | Quantity 1
Updated cart item: Cart root | Product Retro lamp | Quantity 2
Cart retrieved: Cart root | Product Retro lamp | Quantity 1
Total quantity in cart: 6
Updated cart item: Cart root | Product Retro lamp | Quantity 2
Total quantity in cart: 6
Total quantity in cart: 6
Rendering cart HTML update
Total quantity in cart: 6
Rendering cart HTML update
Received request to add product 12 to cart
Received request to add product 12 to cart
Cart retrieved: Cart root | Product Small table with drawers | Quantity 2
Cart retrieved: Cart root | Product Small table with drawers | Quantity 2
Updated cart item: Cart root | Product Small table with drawers | Quantity 3
Updated cart item: Cart root | Product Small table with drawers | Quantity 3
Total quantity in cart: 7
Total quantity in cart: 7
Total quantity in cart: 7
Total quantity in cart: 7
Rendering cart HTML update
Rendering cart HTML update
Received request to add product 7 to cart
Received request to add product 7 to cart
Cart retrieved: Cart root | Product Bedside table | Quantity 1
Cart retrieved: Cart root | Product Bedside table | Quantity 1
Updated cart item: Cart root | Product Bedside table | Quantity 2
Updated cart item: Cart root | Product Bedside table | Quantity 2
Total quantity in cart: 8
Total quantity in cart: 8
Total quantity in cart: 8
Total quantity in cart: 8
Rendering cart HTML update
Rendering cart HTML update
CartRemoveView: Received a request to remove an item from the cart.
Cart retrieved: Cart root | Product Small table with drawers | Quantity 3
Removing cart item with ID 417, quantity: 3
Successfully removed cart item with ID None.
Total quantity in cart: 5
Rendering cart HTML update
CartRemoveView: Received a request to remove an item from the cart.
Cart retrieved: Cart root | Product Bedside table | Quantity 2
Removing cart item with ID 422, quantity: 2
Successfully removed cart item with ID None.
Total quantity in cart: 3
Rendering cart HTML update
CartChangeView: Received a request to change the cart.
Cart retrieved: Cart root | Product Retro lamp | Quantity 2
Updating cart item with ID 424 to new quantity: 3
Updated cart item with ID 424, new quantity: 3
Total quantity in cart: 4
Rendering cart HTML update
CartChangeView: Received a request to change the cart.
Cart retrieved: Cart root | Product Retro lamp | Quantity 3
Updating cart item with ID 424 to new quantity: 2
Updated cart item with ID 424, new quantity: 2
Total quantity in cart: 3
Rendering cart HTML update
CartChangeView: Received a request to change the cart.
Cart retrieved: Cart root | Product Retro lamp | Quantity 2
Updating cart item with ID 424 to new quantity: 1
Updated cart item with ID 424, new quantity: 1
Total quantity in cart: 2
Rendering cart HTML update
CartChangeView: Received a request to change the cart.
Cart retrieved: Cart root | Product Retro lamp | Quantity 1
Updating cart item with ID 424 to new quantity: 2
Updated cart item with ID 424, new quantity: 2
Total quantity in cart: 3
Rendering cart HTML update
CartChangeView: Received a request to change the cart.
Cart retrieved: Cart root | Product Retro lamp | Quantity 2
Updating cart item with ID 424 to new quantity: 3
Updated cart item with ID 424, new quantity: 3
Total quantity in cart: 4
Rendering cart HTML update
CartChangeView: Received a request to change the cart.
Cart retrieved: Cart root | Product Retro lamp | Quantity 1
Updating cart item with ID 425 to new quantity: 2
Updated cart item with ID 425, new quantity: 2
Total quantity in cart: 5
Rendering cart HTML update
CartRemoveView: Received a request to remove an item from the cart.
Cart retrieved: Cart root | Product Retro lamp | Quantity 3
Removing cart item with ID 424, quantity: 3
Successfully removed cart item with ID None.
Total quantity in cart: 2
Rendering cart HTML update
CartChangeView: Received a request to change the cart.
Cart retrieved: Cart root | Product Retro lamp | Quantity 2
Updating cart item with ID 425 to new quantity: 3
Updated cart item with ID 425, new quantity: 3
Total quantity in cart: 3
Rendering cart HTML update
CartChangeView: Received a request to change the cart.
Cart retrieved: Cart root | Product Retro lamp | Quantity 3
Updating cart item with ID 425 to new quantity: 2
Updated cart item with ID 425, new quantity: 2
Total quantity in cart: 2
Rendering cart HTML update
